2023-07-20 01:59:03,084 [60] ERROR EPiServer.Global: Unhandled exception in ASP.NET
System.Web.HttpException (0x80004005)
   at System.Web.Util.FileUtil.CheckSuspiciousPhysicalPath(String physicalPath)
   at System.Web.CachedPathData.ValidatePath(String physicalPath)
   at System.Web.HttpContext.ValidatePath()
   at System.Web.HttpApplication.PipelineStepManager.ValidateHelper(HttpContext context)
System.Web.HttpException (0x80004005)
   at System.Web.Util.FileUtil.CheckSuspiciousPhysicalPath(String physicalPath)
   at System.Web.CachedPathData.ValidatePath(String physicalPath)
   at System.Web.HttpContext.ValidatePath()
   at System.Web.HttpApplication.PipelineStepManager.ValidateHelper(HttpContext context)
2023-07-20 01:59:17,920 [64] ERROR EPiServer.Global: Unhandled exception in ASP.NET
System.Web.HttpException (0x80004005)
   at System.Web.Util.FileUtil.CheckSuspiciousPhysicalPath(String physicalPath)
   at System.Web.CachedPathData.ValidatePath(String physicalPath)
   at System.Web.HttpContext.ValidatePath()
   at System.Web.HttpApplication.PipelineStepManager.ValidateHelper(HttpContext context)
System.Web.HttpException (0x80004005)
   at System.Web.Util.FileUtil.CheckSuspiciousPhysicalPath(String physicalPath)
   at System.Web.CachedPathData.ValidatePath(String physicalPath)
   at System.Web.HttpContext.ValidatePath()
   at System.Web.HttpApplication.PipelineStepManager.ValidateHelper(HttpContext context)
2023-07-20 02:02:05,354 [69] ERROR EPiServer.Global: Unhandled exception in ASP.NET
System.Web.HttpException (0x80004005)
   at System.Web.Util.FileUtil.CheckSuspiciousPhysicalPath(String physicalPath)
   at System.Web.CachedPathData.ValidatePath(String physicalPath)
   at System.Web.HttpContext.ValidatePath()
   at System.Web.HttpApplication.PipelineStepManager.ValidateHelper(HttpContext context)
System.Web.HttpException (0x80004005)
   at System.Web.Util.FileUtil.CheckSuspiciousPhysicalPath(String physicalPath)
   at System.Web.CachedPathData.ValidatePath(String physicalPath)
   at System.Web.HttpContext.ValidatePath()
   at System.Web.HttpApplication.PipelineStepManager.ValidateHelper(HttpContext context)
2023-07-20 02:28:22,310 [8] ERROR EPiServer.Global: Unhandled exception in ASP.NET
System.Web.HttpException (0x80004005)
   at System.Web.Util.FileUtil.CheckSuspiciousPhysicalPath(String physicalPath)
   at System.Web.CachedPathData.ValidatePath(String physicalPath)
   at System.Web.HttpContext.ValidatePath()
   at System.Web.HttpApplication.PipelineStepManager.ValidateHelper(HttpContext context)
System.Web.HttpException (0x80004005)
   at System.Web.Util.FileUtil.CheckSuspiciousPhysicalPath(String physicalPath)
   at System.Web.CachedPathData.ValidatePath(String physicalPath)
   at System.Web.HttpContext.ValidatePath()
   at System.Web.HttpApplication.PipelineStepManager.ValidateHelper(HttpContext context)
2023-07-20 02:28:24,125 [7] ERROR EPiServer.Global: Unhandled exception in ASP.NET
System.Web.HttpException (0x80004005)
   at System.Web.Util.FileUtil.CheckSuspiciousPhysicalPath(String physicalPath)
   at System.Web.CachedPathData.ValidatePath(String physicalPath)
   at System.Web.HttpContext.ValidatePath()
   at System.Web.HttpApplication.PipelineStepManager.ValidateHelper(HttpContext context)
System.Web.HttpException (0x80004005)
   at System.Web.Util.FileUtil.CheckSuspiciousPhysicalPath(String physicalPath)
   at System.Web.CachedPathData.ValidatePath(String physicalPath)
   at System.Web.HttpContext.ValidatePath()
   at System.Web.HttpApplication.PipelineStepManager.ValidateHelper(HttpContext context)
