2023-07-25 01:34:12,628 [1] ERROR EPiServer.Framework.Initialization.InitializationEngine: Initialize action failed for 'Initialize on class EPiServer.ContentApi.Search.ContentApiSearchInitialization, EPiServer.ContentApi.Search, Version=2.21.1.0, Culture=neutral, PublicKeyToken=8fe83dea738b45b7'
System.ArgumentException: A route named 'MS_attributerouteWebApi' is already in the route collection. Route names must be unique.
Parameter name: name
   at System.Web.Routing.RouteCollection.Add(String name, RouteBase item)
   at System.Web.Http.Routing.AttributeRoutingMapper.MapAttributeRoutes(HttpConfiguration configuration, IInlineConstraintResolver constraintResolver, IDirectRouteProvider directRouteProvider)
   at EPiServer.ContentApi.Search.ContentApiSearchInitialization.BuildDefaultHttpConfiguration(HttpConfiguration config)
   at System.Web.Http.GlobalConfiguration.Configure(Action`1 configurationCallback)
   at EPiServer.ContentApi.Search.ContentApiSearchInitialization.Initialize(InitializationEngine context)
   at EPiServer.Framework.Initialization.Internal.ModuleNode.Execute(Action a, String key)
   at EPiServer.Framework.Initialization.Internal.ModuleNode.Initialize(InitializationEngine context)
   at EPiServer.Framework.Initialization.InitializationEngine.InitializeModules()
System.ArgumentException: A route named 'MS_attributerouteWebApi' is already in the route collection. Route names must be unique.
Parameter name: name
   at System.Web.Routing.RouteCollection.Add(String name, RouteBase item)
   at System.Web.Http.Routing.AttributeRoutingMapper.MapAttributeRoutes(HttpConfiguration configuration, IInlineConstraintResolver constraintResolver, IDirectRouteProvider directRouteProvider)
   at EPiServer.ContentApi.Search.ContentApiSearchInitialization.BuildDefaultHttpConfiguration(HttpConfiguration config)
   at System.Web.Http.GlobalConfiguration.Configure(Action`1 configurationCallback)
   at EPiServer.ContentApi.Search.ContentApiSearchInitialization.Initialize(InitializationEngine context)
   at EPiServer.Framework.Initialization.Internal.ModuleNode.Execute(Action a, String key)
   at EPiServer.Framework.Initialization.Internal.ModuleNode.Initialize(InitializationEngine context)
   at EPiServer.Framework.Initialization.InitializationEngine.InitializeModules()
2023-07-25 01:35:31,352 [1] ERROR EPiServer.Framework.Initialization.InitializationEngine: Initialize action failed for 'Initialize on class EPiServer.ContentApi.Search.ContentApiSearchInitialization, EPiServer.ContentApi.Search, Version=2.21.1.0, Culture=neutral, PublicKeyToken=8fe83dea738b45b7'
System.ArgumentException: A route named 'MS_attributerouteWebApi' is already in the route collection. Route names must be unique.
Parameter name: name
   at System.Web.Routing.RouteCollection.Add(String name, RouteBase item)
   at System.Web.Http.Routing.AttributeRoutingMapper.MapAttributeRoutes(HttpConfiguration configuration, IInlineConstraintResolver constraintResolver, IDirectRouteProvider directRouteProvider)
   at EPiServer.ContentApi.Search.ContentApiSearchInitialization.BuildDefaultHttpConfiguration(HttpConfiguration config)
   at System.Web.Http.GlobalConfiguration.Configure(Action`1 configurationCallback)
   at EPiServer.ContentApi.Search.ContentApiSearchInitialization.Initialize(InitializationEngine context)
   at EPiServer.Framework.Initialization.Internal.ModuleNode.Execute(Action a, String key)
   at EPiServer.Framework.Initialization.Internal.ModuleNode.Initialize(InitializationEngine context)
   at EPiServer.Framework.Initialization.InitializationEngine.InitializeModules()
System.ArgumentException: A route named 'MS_attributerouteWebApi' is already in the route collection. Route names must be unique.
Parameter name: name
   at System.Web.Routing.RouteCollection.Add(String name, RouteBase item)
   at System.Web.Http.Routing.AttributeRoutingMapper.MapAttributeRoutes(HttpConfiguration configuration, IInlineConstraintResolver constraintResolver, IDirectRouteProvider directRouteProvider)
   at EPiServer.ContentApi.Search.ContentApiSearchInitialization.BuildDefaultHttpConfiguration(HttpConfiguration config)
   at System.Web.Http.GlobalConfiguration.Configure(Action`1 configurationCallback)
   at EPiServer.ContentApi.Search.ContentApiSearchInitialization.Initialize(InitializationEngine context)
   at EPiServer.Framework.Initialization.Internal.ModuleNode.Execute(Action a, String key)
   at EPiServer.Framework.Initialization.Internal.ModuleNode.Initialize(InitializationEngine context)
   at EPiServer.Framework.Initialization.InitializationEngine.InitializeModules()
2023-07-25 01:36:33,381 [1] ERROR EPiServer.Framework.Initialization.InitializationEngine: Initialize action failed for 'Initialize on class EPiServer.ContentApi.Search.ContentApiSearchInitialization, EPiServer.ContentApi.Search, Version=2.21.1.0, Culture=neutral, PublicKeyToken=8fe83dea738b45b7'
System.ArgumentException: A route named 'MS_attributerouteWebApi' is already in the route collection. Route names must be unique.
Parameter name: name
   at System.Web.Routing.RouteCollection.Add(String name, RouteBase item)
   at System.Web.Http.Routing.AttributeRoutingMapper.MapAttributeRoutes(HttpConfiguration configuration, IInlineConstraintResolver constraintResolver, IDirectRouteProvider directRouteProvider)
   at EPiServer.ContentApi.Search.ContentApiSearchInitialization.BuildDefaultHttpConfiguration(HttpConfiguration config)
   at System.Web.Http.GlobalConfiguration.Configure(Action`1 configurationCallback)
   at EPiServer.ContentApi.Search.ContentApiSearchInitialization.Initialize(InitializationEngine context)
   at EPiServer.Framework.Initialization.Internal.ModuleNode.Execute(Action a, String key)
   at EPiServer.Framework.Initialization.Internal.ModuleNode.Initialize(InitializationEngine context)
   at EPiServer.Framework.Initialization.InitializationEngine.InitializeModules()
System.ArgumentException: A route named 'MS_attributerouteWebApi' is already in the route collection. Route names must be unique.
Parameter name: name
   at System.Web.Routing.RouteCollection.Add(String name, RouteBase item)
   at System.Web.Http.Routing.AttributeRoutingMapper.MapAttributeRoutes(HttpConfiguration configuration, IInlineConstraintResolver constraintResolver, IDirectRouteProvider directRouteProvider)
   at EPiServer.ContentApi.Search.ContentApiSearchInitialization.BuildDefaultHttpConfiguration(HttpConfiguration config)
   at System.Web.Http.GlobalConfiguration.Configure(Action`1 configurationCallback)
   at EPiServer.ContentApi.Search.ContentApiSearchInitialization.Initialize(InitializationEngine context)
   at EPiServer.Framework.Initialization.Internal.ModuleNode.Execute(Action a, String key)
   at EPiServer.Framework.Initialization.Internal.ModuleNode.Initialize(InitializationEngine context)
   at EPiServer.Framework.Initialization.InitializationEngine.InitializeModules()
2023-07-25 01:37:55,256 [1] ERROR EPiServer.Framework.Initialization.InitializationEngine: Initialize action failed for 'Initialize on class EPiServer.ContentApi.Search.ContentApiSearchInitialization, EPiServer.ContentApi.Search, Version=2.21.1.0, Culture=neutral, PublicKeyToken=8fe83dea738b45b7'
System.ArgumentException: A route named 'MS_attributerouteWebApi' is already in the route collection. Route names must be unique.
Parameter name: name
   at System.Web.Routing.RouteCollection.Add(String name, RouteBase item)
   at System.Web.Http.Routing.AttributeRoutingMapper.MapAttributeRoutes(HttpConfiguration configuration, IInlineConstraintResolver constraintResolver, IDirectRouteProvider directRouteProvider)
   at EPiServer.ContentApi.Search.ContentApiSearchInitialization.BuildDefaultHttpConfiguration(HttpConfiguration config)
   at System.Web.Http.GlobalConfiguration.Configure(Action`1 configurationCallback)
   at EPiServer.ContentApi.Search.ContentApiSearchInitialization.Initialize(InitializationEngine context)
   at EPiServer.Framework.Initialization.Internal.ModuleNode.Execute(Action a, String key)
   at EPiServer.Framework.Initialization.Internal.ModuleNode.Initialize(InitializationEngine context)
   at EPiServer.Framework.Initialization.InitializationEngine.InitializeModules()
System.ArgumentException: A route named 'MS_attributerouteWebApi' is already in the route collection. Route names must be unique.
Parameter name: name
   at System.Web.Routing.RouteCollection.Add(String name, RouteBase item)
   at System.Web.Http.Routing.AttributeRoutingMapper.MapAttributeRoutes(HttpConfiguration configuration, IInlineConstraintResolver constraintResolver, IDirectRouteProvider directRouteProvider)
   at EPiServer.ContentApi.Search.ContentApiSearchInitialization.BuildDefaultHttpConfiguration(HttpConfiguration config)
   at System.Web.Http.GlobalConfiguration.Configure(Action`1 configurationCallback)
   at EPiServer.ContentApi.Search.ContentApiSearchInitialization.Initialize(InitializationEngine context)
   at EPiServer.Framework.Initialization.Internal.ModuleNode.Execute(Action a, String key)
   at EPiServer.Framework.Initialization.Internal.ModuleNode.Initialize(InitializationEngine context)
   at EPiServer.Framework.Initialization.InitializationEngine.InitializeModules()
2023-07-25 13:11:23,981 [1] ERROR EPiServer.Framework.Initialization.InitializationEngine: Initialize action failed for 'Initialize on class EPiServer.ContentApi.Search.ContentApiSearchInitialization, EPiServer.ContentApi.Search, Version=2.21.1.0, Culture=neutral, PublicKeyToken=8fe83dea738b45b7'
System.ArgumentException: A route named 'MS_attributerouteWebApi' is already in the route collection. Route names must be unique.
Parameter name: name
   at System.Web.Routing.RouteCollection.Add(String name, RouteBase item)
   at System.Web.Http.Routing.AttributeRoutingMapper.MapAttributeRoutes(HttpConfiguration configuration, IInlineConstraintResolver constraintResolver, IDirectRouteProvider directRouteProvider)
   at EPiServer.ContentApi.Search.ContentApiSearchInitialization.BuildDefaultHttpConfiguration(HttpConfiguration config)
   at System.Web.Http.GlobalConfiguration.Configure(Action`1 configurationCallback)
   at EPiServer.ContentApi.Search.ContentApiSearchInitialization.Initialize(InitializationEngine context)
   at EPiServer.Framework.Initialization.Internal.ModuleNode.Execute(Action a, String key)
   at EPiServer.Framework.Initialization.Internal.ModuleNode.Initialize(InitializationEngine context)
   at EPiServer.Framework.Initialization.InitializationEngine.InitializeModules()
System.ArgumentException: A route named 'MS_attributerouteWebApi' is already in the route collection. Route names must be unique.
Parameter name: name
   at System.Web.Routing.RouteCollection.Add(String name, RouteBase item)
   at System.Web.Http.Routing.AttributeRoutingMapper.MapAttributeRoutes(HttpConfiguration configuration, IInlineConstraintResolver constraintResolver, IDirectRouteProvider directRouteProvider)
   at EPiServer.ContentApi.Search.ContentApiSearchInitialization.BuildDefaultHttpConfiguration(HttpConfiguration config)
   at System.Web.Http.GlobalConfiguration.Configure(Action`1 configurationCallback)
   at EPiServer.ContentApi.Search.ContentApiSearchInitialization.Initialize(InitializationEngine context)
   at EPiServer.Framework.Initialization.Internal.ModuleNode.Execute(Action a, String key)
   at EPiServer.Framework.Initialization.Internal.ModuleNode.Initialize(InitializationEngine context)
   at EPiServer.Framework.Initialization.InitializationEngine.InitializeModules()
2023-07-25 14:05:44,858 [1] ERROR EPiServer.Framework.Initialization.InitializationEngine: Initialize action failed for 'Initialize on class EPiServer.ContentApi.Search.ContentApiSearchInitialization, EPiServer.ContentApi.Search, Version=2.21.1.0, Culture=neutral, PublicKeyToken=8fe83dea738b45b7'
System.ArgumentException: A route named 'MS_attributerouteWebApi' is already in the route collection. Route names must be unique.
Parameter name: name
   at System.Web.Routing.RouteCollection.Add(String name, RouteBase item)
   at System.Web.Http.Routing.AttributeRoutingMapper.MapAttributeRoutes(HttpConfiguration configuration, IInlineConstraintResolver constraintResolver, IDirectRouteProvider directRouteProvider)
   at EPiServer.ContentApi.Search.ContentApiSearchInitialization.BuildDefaultHttpConfiguration(HttpConfiguration config)
   at System.Web.Http.GlobalConfiguration.Configure(Action`1 configurationCallback)
   at EPiServer.ContentApi.Search.ContentApiSearchInitialization.Initialize(InitializationEngine context)
   at EPiServer.Framework.Initialization.Internal.ModuleNode.Execute(Action a, String key)
   at EPiServer.Framework.Initialization.Internal.ModuleNode.Initialize(InitializationEngine context)
   at EPiServer.Framework.Initialization.InitializationEngine.InitializeModules()
System.ArgumentException: A route named 'MS_attributerouteWebApi' is already in the route collection. Route names must be unique.
Parameter name: name
   at System.Web.Routing.RouteCollection.Add(String name, RouteBase item)
   at System.Web.Http.Routing.AttributeRoutingMapper.MapAttributeRoutes(HttpConfiguration configuration, IInlineConstraintResolver constraintResolver, IDirectRouteProvider directRouteProvider)
   at EPiServer.ContentApi.Search.ContentApiSearchInitialization.BuildDefaultHttpConfiguration(HttpConfiguration config)
   at System.Web.Http.GlobalConfiguration.Configure(Action`1 configurationCallback)
   at EPiServer.ContentApi.Search.ContentApiSearchInitialization.Initialize(InitializationEngine context)
   at EPiServer.Framework.Initialization.Internal.ModuleNode.Execute(Action a, String key)
   at EPiServer.Framework.Initialization.Internal.ModuleNode.Initialize(InitializationEngine context)
   at EPiServer.Framework.Initialization.InitializationEngine.InitializeModules()
2023-07-25 14:13:37,733 [1] ERROR EPiServer.Framework.Initialization.InitializationEngine: Initialize action failed for 'Initialize on class EPiServer.ContentApi.Search.ContentApiSearchInitialization, EPiServer.ContentApi.Search, Version=2.21.1.0, Culture=neutral, PublicKeyToken=8fe83dea738b45b7'
System.ArgumentException: A route named 'MS_attributerouteWebApi' is already in the route collection. Route names must be unique.
Parameter name: name
   at System.Web.Routing.RouteCollection.Add(String name, RouteBase item)
   at System.Web.Http.Routing.AttributeRoutingMapper.MapAttributeRoutes(HttpConfiguration configuration, IInlineConstraintResolver constraintResolver, IDirectRouteProvider directRouteProvider)
   at EPiServer.ContentApi.Search.ContentApiSearchInitialization.BuildDefaultHttpConfiguration(HttpConfiguration config)
   at System.Web.Http.GlobalConfiguration.Configure(Action`1 configurationCallback)
   at EPiServer.ContentApi.Search.ContentApiSearchInitialization.Initialize(InitializationEngine context)
   at EPiServer.Framework.Initialization.Internal.ModuleNode.Execute(Action a, String key)
   at EPiServer.Framework.Initialization.Internal.ModuleNode.Initialize(InitializationEngine context)
   at EPiServer.Framework.Initialization.InitializationEngine.InitializeModules()
System.ArgumentException: A route named 'MS_attributerouteWebApi' is already in the route collection. Route names must be unique.
Parameter name: name
   at System.Web.Routing.RouteCollection.Add(String name, RouteBase item)
   at System.Web.Http.Routing.AttributeRoutingMapper.MapAttributeRoutes(HttpConfiguration configuration, IInlineConstraintResolver constraintResolver, IDirectRouteProvider directRouteProvider)
   at EPiServer.ContentApi.Search.ContentApiSearchInitialization.BuildDefaultHttpConfiguration(HttpConfiguration config)
   at System.Web.Http.GlobalConfiguration.Configure(Action`1 configurationCallback)
   at EPiServer.ContentApi.Search.ContentApiSearchInitialization.Initialize(InitializationEngine context)
   at EPiServer.Framework.Initialization.Internal.ModuleNode.Execute(Action a, String key)
   at EPiServer.Framework.Initialization.Internal.ModuleNode.Initialize(InitializationEngine context)
   at EPiServer.Framework.Initialization.InitializationEngine.InitializeModules()
2023-07-25 14:21:59,397 [1] ERROR EPiServer.Framework.Initialization.InitializationEngine: Initialize action failed for 'Initialize on class EPiServer.ContentApi.Search.ContentApiSearchInitialization, EPiServer.ContentApi.Search, Version=2.21.1.0, Culture=neutral, PublicKeyToken=8fe83dea738b45b7'
System.ArgumentException: A route named 'MS_attributerouteWebApi' is already in the route collection. Route names must be unique.
Parameter name: name
   at System.Web.Routing.RouteCollection.Add(String name, RouteBase item)
   at System.Web.Http.Routing.AttributeRoutingMapper.MapAttributeRoutes(HttpConfiguration configuration, IInlineConstraintResolver constraintResolver, IDirectRouteProvider directRouteProvider)
   at EPiServer.ContentApi.Search.ContentApiSearchInitialization.BuildDefaultHttpConfiguration(HttpConfiguration config)
   at System.Web.Http.GlobalConfiguration.Configure(Action`1 configurationCallback)
   at EPiServer.ContentApi.Search.ContentApiSearchInitialization.Initialize(InitializationEngine context)
   at EPiServer.Framework.Initialization.Internal.ModuleNode.Execute(Action a, String key)
   at EPiServer.Framework.Initialization.Internal.ModuleNode.Initialize(InitializationEngine context)
   at EPiServer.Framework.Initialization.InitializationEngine.InitializeModules()
System.ArgumentException: A route named 'MS_attributerouteWebApi' is already in the route collection. Route names must be unique.
Parameter name: name
   at System.Web.Routing.RouteCollection.Add(String name, RouteBase item)
   at System.Web.Http.Routing.AttributeRoutingMapper.MapAttributeRoutes(HttpConfiguration configuration, IInlineConstraintResolver constraintResolver, IDirectRouteProvider directRouteProvider)
   at EPiServer.ContentApi.Search.ContentApiSearchInitialization.BuildDefaultHttpConfiguration(HttpConfiguration config)
   at System.Web.Http.GlobalConfiguration.Configure(Action`1 configurationCallback)
   at EPiServer.ContentApi.Search.ContentApiSearchInitialization.Initialize(InitializationEngine context)
   at EPiServer.Framework.Initialization.Internal.ModuleNode.Execute(Action a, String key)
   at EPiServer.Framework.Initialization.Internal.ModuleNode.Initialize(InitializationEngine context)
   at EPiServer.Framework.Initialization.InitializationEngine.InitializeModules()
2023-07-25 14:23:52,213 [1] ERROR EPiServer.Framework.Initialization.InitializationEngine: Initialize action failed for 'Initialize on class EPiServer.ContentApi.Search.ContentApiSearchInitialization, EPiServer.ContentApi.Search, Version=2.21.1.0, Culture=neutral, PublicKeyToken=8fe83dea738b45b7'
System.ArgumentException: A route named 'MS_attributerouteWebApi' is already in the route collection. Route names must be unique.
Parameter name: name
   at System.Web.Routing.RouteCollection.Add(String name, RouteBase item)
   at System.Web.Http.Routing.AttributeRoutingMapper.MapAttributeRoutes(HttpConfiguration configuration, IInlineConstraintResolver constraintResolver, IDirectRouteProvider directRouteProvider)
   at EPiServer.ContentApi.Search.ContentApiSearchInitialization.BuildDefaultHttpConfiguration(HttpConfiguration config)
   at System.Web.Http.GlobalConfiguration.Configure(Action`1 configurationCallback)
   at EPiServer.ContentApi.Search.ContentApiSearchInitialization.Initialize(InitializationEngine context)
   at EPiServer.Framework.Initialization.Internal.ModuleNode.Execute(Action a, String key)
   at EPiServer.Framework.Initialization.Internal.ModuleNode.Initialize(InitializationEngine context)
   at EPiServer.Framework.Initialization.InitializationEngine.InitializeModules()
System.ArgumentException: A route named 'MS_attributerouteWebApi' is already in the route collection. Route names must be unique.
Parameter name: name
   at System.Web.Routing.RouteCollection.Add(String name, RouteBase item)
   at System.Web.Http.Routing.AttributeRoutingMapper.MapAttributeRoutes(HttpConfiguration configuration, IInlineConstraintResolver constraintResolver, IDirectRouteProvider directRouteProvider)
   at EPiServer.ContentApi.Search.ContentApiSearchInitialization.BuildDefaultHttpConfiguration(HttpConfiguration config)
   at System.Web.Http.GlobalConfiguration.Configure(Action`1 configurationCallback)
   at EPiServer.ContentApi.Search.ContentApiSearchInitialization.Initialize(InitializationEngine context)
   at EPiServer.Framework.Initialization.Internal.ModuleNode.Execute(Action a, String key)
   at EPiServer.Framework.Initialization.Internal.ModuleNode.Initialize(InitializationEngine context)
   at EPiServer.Framework.Initialization.InitializationEngine.InitializeModules()
2023-07-25 14:33:46,525 [1] ERROR EPiServer.Framework.Initialization.InitializationEngine: Initialize action failed for 'Initialize on class EPiServer.ContentApi.Search.ContentApiSearchInitialization, EPiServer.ContentApi.Search, Version=2.21.1.0, Culture=neutral, PublicKeyToken=8fe83dea738b45b7'
System.ArgumentException: A route named 'MS_attributerouteWebApi' is already in the route collection. Route names must be unique.
Parameter name: name
   at System.Web.Routing.RouteCollection.Add(String name, RouteBase item)
   at System.Web.Http.Routing.AttributeRoutingMapper.MapAttributeRoutes(HttpConfiguration configuration, IInlineConstraintResolver constraintResolver, IDirectRouteProvider directRouteProvider)
   at EPiServer.ContentApi.Search.ContentApiSearchInitialization.BuildDefaultHttpConfiguration(HttpConfiguration config)
   at System.Web.Http.GlobalConfiguration.Configure(Action`1 configurationCallback)
   at EPiServer.ContentApi.Search.ContentApiSearchInitialization.Initialize(InitializationEngine context)
   at EPiServer.Framework.Initialization.Internal.ModuleNode.Execute(Action a, String key)
   at EPiServer.Framework.Initialization.Internal.ModuleNode.Initialize(InitializationEngine context)
   at EPiServer.Framework.Initialization.InitializationEngine.InitializeModules()
System.ArgumentException: A route named 'MS_attributerouteWebApi' is already in the route collection. Route names must be unique.
Parameter name: name
   at System.Web.Routing.RouteCollection.Add(String name, RouteBase item)
   at System.Web.Http.Routing.AttributeRoutingMapper.MapAttributeRoutes(HttpConfiguration configuration, IInlineConstraintResolver constraintResolver, IDirectRouteProvider directRouteProvider)
   at EPiServer.ContentApi.Search.ContentApiSearchInitialization.BuildDefaultHttpConfiguration(HttpConfiguration config)
   at System.Web.Http.GlobalConfiguration.Configure(Action`1 configurationCallback)
   at EPiServer.ContentApi.Search.ContentApiSearchInitialization.Initialize(InitializationEngine context)
   at EPiServer.Framework.Initialization.Internal.ModuleNode.Execute(Action a, String key)
   at EPiServer.Framework.Initialization.Internal.ModuleNode.Initialize(InitializationEngine context)
   at EPiServer.Framework.Initialization.InitializationEngine.InitializeModules()
2023-07-25 14:36:25,189 [1] ERROR EPiServer.Framework.Initialization.InitializationEngine: Initialize action failed for 'Initialize on class EPiServer.ContentApi.Search.ContentApiSearchInitialization, EPiServer.ContentApi.Search, Version=2.21.1.0, Culture=neutral, PublicKeyToken=8fe83dea738b45b7'
System.ArgumentException: A route named 'MS_attributerouteWebApi' is already in the route collection. Route names must be unique.
Parameter name: name
   at System.Web.Routing.RouteCollection.Add(String name, RouteBase item)
   at System.Web.Http.Routing.AttributeRoutingMapper.MapAttributeRoutes(HttpConfiguration configuration, IInlineConstraintResolver constraintResolver, IDirectRouteProvider directRouteProvider)
   at EPiServer.ContentApi.Search.ContentApiSearchInitialization.BuildDefaultHttpConfiguration(HttpConfiguration config)
   at System.Web.Http.GlobalConfiguration.Configure(Action`1 configurationCallback)
   at EPiServer.ContentApi.Search.ContentApiSearchInitialization.Initialize(InitializationEngine context)
   at EPiServer.Framework.Initialization.Internal.ModuleNode.Execute(Action a, String key)
   at EPiServer.Framework.Initialization.Internal.ModuleNode.Initialize(InitializationEngine context)
   at EPiServer.Framework.Initialization.InitializationEngine.InitializeModules()
System.ArgumentException: A route named 'MS_attributerouteWebApi' is already in the route collection. Route names must be unique.
Parameter name: name
   at System.Web.Routing.RouteCollection.Add(String name, RouteBase item)
   at System.Web.Http.Routing.AttributeRoutingMapper.MapAttributeRoutes(HttpConfiguration configuration, IInlineConstraintResolver constraintResolver, IDirectRouteProvider directRouteProvider)
   at EPiServer.ContentApi.Search.ContentApiSearchInitialization.BuildDefaultHttpConfiguration(HttpConfiguration config)
   at System.Web.Http.GlobalConfiguration.Configure(Action`1 configurationCallback)
   at EPiServer.ContentApi.Search.ContentApiSearchInitialization.Initialize(InitializationEngine context)
   at EPiServer.Framework.Initialization.Internal.ModuleNode.Execute(Action a, String key)
   at EPiServer.Framework.Initialization.Internal.ModuleNode.Initialize(InitializationEngine context)
   at EPiServer.Framework.Initialization.InitializationEngine.InitializeModules()
2023-07-25 14:39:40,751 [1] ERROR EPiServer.Framework.Initialization.InitializationEngine: Initialize action failed for 'Initialize on class EPiServer.ContentApi.Search.ContentApiSearchInitialization, EPiServer.ContentApi.Search, Version=2.21.1.0, Culture=neutral, PublicKeyToken=8fe83dea738b45b7'
System.ArgumentException: A route named 'MS_attributerouteWebApi' is already in the route collection. Route names must be unique.
Parameter name: name
   at System.Web.Routing.RouteCollection.Add(String name, RouteBase item)
   at System.Web.Http.Routing.AttributeRoutingMapper.MapAttributeRoutes(HttpConfiguration configuration, IInlineConstraintResolver constraintResolver, IDirectRouteProvider directRouteProvider)
   at EPiServer.ContentApi.Search.ContentApiSearchInitialization.BuildDefaultHttpConfiguration(HttpConfiguration config)
   at System.Web.Http.GlobalConfiguration.Configure(Action`1 configurationCallback)
   at EPiServer.ContentApi.Search.ContentApiSearchInitialization.Initialize(InitializationEngine context)
   at EPiServer.Framework.Initialization.Internal.ModuleNode.Execute(Action a, String key)
   at EPiServer.Framework.Initialization.Internal.ModuleNode.Initialize(InitializationEngine context)
   at EPiServer.Framework.Initialization.InitializationEngine.InitializeModules()
System.ArgumentException: A route named 'MS_attributerouteWebApi' is already in the route collection. Route names must be unique.
Parameter name: name
   at System.Web.Routing.RouteCollection.Add(String name, RouteBase item)
   at System.Web.Http.Routing.AttributeRoutingMapper.MapAttributeRoutes(HttpConfiguration configuration, IInlineConstraintResolver constraintResolver, IDirectRouteProvider directRouteProvider)
   at EPiServer.ContentApi.Search.ContentApiSearchInitialization.BuildDefaultHttpConfiguration(HttpConfiguration config)
   at System.Web.Http.GlobalConfiguration.Configure(Action`1 configurationCallback)
   at EPiServer.ContentApi.Search.ContentApiSearchInitialization.Initialize(InitializationEngine context)
   at EPiServer.Framework.Initialization.Internal.ModuleNode.Execute(Action a, String key)
   at EPiServer.Framework.Initialization.Internal.ModuleNode.Initialize(InitializationEngine context)
   at EPiServer.Framework.Initialization.InitializationEngine.InitializeModules()
2023-07-25 15:49:21,961 [1] ERROR EPiServer.Framework.Initialization.InitializationEngine: Initialize action failed for 'Initialize on class EPiServer.ContentApi.Search.ContentApiSearchInitialization, EPiServer.ContentApi.Search, Version=2.21.1.0, Culture=neutral, PublicKeyToken=8fe83dea738b45b7'
System.ArgumentException: A route named 'MS_attributerouteWebApi' is already in the route collection. Route names must be unique.
Parameter name: name
   at System.Web.Routing.RouteCollection.Add(String name, RouteBase item)
   at System.Web.Http.Routing.AttributeRoutingMapper.MapAttributeRoutes(HttpConfiguration configuration, IInlineConstraintResolver constraintResolver, IDirectRouteProvider directRouteProvider)
   at EPiServer.ContentApi.Search.ContentApiSearchInitialization.BuildDefaultHttpConfiguration(HttpConfiguration config)
   at System.Web.Http.GlobalConfiguration.Configure(Action`1 configurationCallback)
   at EPiServer.ContentApi.Search.ContentApiSearchInitialization.Initialize(InitializationEngine context)
   at EPiServer.Framework.Initialization.Internal.ModuleNode.Execute(Action a, String key)
   at EPiServer.Framework.Initialization.Internal.ModuleNode.Initialize(InitializationEngine context)
   at EPiServer.Framework.Initialization.InitializationEngine.InitializeModules()
System.ArgumentException: A route named 'MS_attributerouteWebApi' is already in the route collection. Route names must be unique.
Parameter name: name
   at System.Web.Routing.RouteCollection.Add(String name, RouteBase item)
   at System.Web.Http.Routing.AttributeRoutingMapper.MapAttributeRoutes(HttpConfiguration configuration, IInlineConstraintResolver constraintResolver, IDirectRouteProvider directRouteProvider)
   at EPiServer.ContentApi.Search.ContentApiSearchInitialization.BuildDefaultHttpConfiguration(HttpConfiguration config)
   at System.Web.Http.GlobalConfiguration.Configure(Action`1 configurationCallback)
   at EPiServer.ContentApi.Search.ContentApiSearchInitialization.Initialize(InitializationEngine context)
   at EPiServer.Framework.Initialization.Internal.ModuleNode.Execute(Action a, String key)
   at EPiServer.Framework.Initialization.Internal.ModuleNode.Initialize(InitializationEngine context)
   at EPiServer.Framework.Initialization.InitializationEngine.InitializeModules()
2023-07-25 15:50:42,526 [1] ERROR EPiServer.Framework.Initialization.InitializationEngine: Initialize action failed for 'Initialize on class EPiServer.ContentApi.Search.ContentApiSearchInitialization, EPiServer.ContentApi.Search, Version=2.21.1.0, Culture=neutral, PublicKeyToken=8fe83dea738b45b7'
System.ArgumentException: A route named 'MS_attributerouteWebApi' is already in the route collection. Route names must be unique.
Parameter name: name
   at System.Web.Routing.RouteCollection.Add(String name, RouteBase item)
   at System.Web.Http.Routing.AttributeRoutingMapper.MapAttributeRoutes(HttpConfiguration configuration, IInlineConstraintResolver constraintResolver, IDirectRouteProvider directRouteProvider)
   at EPiServer.ContentApi.Search.ContentApiSearchInitialization.BuildDefaultHttpConfiguration(HttpConfiguration config)
   at System.Web.Http.GlobalConfiguration.Configure(Action`1 configurationCallback)
   at EPiServer.ContentApi.Search.ContentApiSearchInitialization.Initialize(InitializationEngine context)
   at EPiServer.Framework.Initialization.Internal.ModuleNode.Execute(Action a, String key)
   at EPiServer.Framework.Initialization.Internal.ModuleNode.Initialize(InitializationEngine context)
   at EPiServer.Framework.Initialization.InitializationEngine.InitializeModules()
System.ArgumentException: A route named 'MS_attributerouteWebApi' is already in the route collection. Route names must be unique.
Parameter name: name
   at System.Web.Routing.RouteCollection.Add(String name, RouteBase item)
   at System.Web.Http.Routing.AttributeRoutingMapper.MapAttributeRoutes(HttpConfiguration configuration, IInlineConstraintResolver constraintResolver, IDirectRouteProvider directRouteProvider)
   at EPiServer.ContentApi.Search.ContentApiSearchInitialization.BuildDefaultHttpConfiguration(HttpConfiguration config)
   at System.Web.Http.GlobalConfiguration.Configure(Action`1 configurationCallback)
   at EPiServer.ContentApi.Search.ContentApiSearchInitialization.Initialize(InitializationEngine context)
   at EPiServer.Framework.Initialization.Internal.ModuleNode.Execute(Action a, String key)
   at EPiServer.Framework.Initialization.Internal.ModuleNode.Initialize(InitializationEngine context)
   at EPiServer.Framework.Initialization.InitializationEngine.InitializeModules()
2023-07-25 15:51:58,972 [1] ERROR EPiServer.Framework.Initialization.InitializationEngine: Initialize action failed for 'Initialize on class EPiServer.ContentApi.Search.ContentApiSearchInitialization, EPiServer.ContentApi.Search, Version=2.21.1.0, Culture=neutral, PublicKeyToken=8fe83dea738b45b7'
System.ArgumentException: A route named 'MS_attributerouteWebApi' is already in the route collection. Route names must be unique.
Parameter name: name
   at System.Web.Routing.RouteCollection.Add(String name, RouteBase item)
   at System.Web.Http.Routing.AttributeRoutingMapper.MapAttributeRoutes(HttpConfiguration configuration, IInlineConstraintResolver constraintResolver, IDirectRouteProvider directRouteProvider)
   at EPiServer.ContentApi.Search.ContentApiSearchInitialization.BuildDefaultHttpConfiguration(HttpConfiguration config)
   at System.Web.Http.GlobalConfiguration.Configure(Action`1 configurationCallback)
   at EPiServer.ContentApi.Search.ContentApiSearchInitialization.Initialize(InitializationEngine context)
   at EPiServer.Framework.Initialization.Internal.ModuleNode.Execute(Action a, String key)
   at EPiServer.Framework.Initialization.Internal.ModuleNode.Initialize(InitializationEngine context)
   at EPiServer.Framework.Initialization.InitializationEngine.InitializeModules()
System.ArgumentException: A route named 'MS_attributerouteWebApi' is already in the route collection. Route names must be unique.
Parameter name: name
   at System.Web.Routing.RouteCollection.Add(String name, RouteBase item)
   at System.Web.Http.Routing.AttributeRoutingMapper.MapAttributeRoutes(HttpConfiguration configuration, IInlineConstraintResolver constraintResolver, IDirectRouteProvider directRouteProvider)
   at EPiServer.ContentApi.Search.ContentApiSearchInitialization.BuildDefaultHttpConfiguration(HttpConfiguration config)
   at System.Web.Http.GlobalConfiguration.Configure(Action`1 configurationCallback)
   at EPiServer.ContentApi.Search.ContentApiSearchInitialization.Initialize(InitializationEngine context)
   at EPiServer.Framework.Initialization.Internal.ModuleNode.Execute(Action a, String key)
   at EPiServer.Framework.Initialization.Internal.ModuleNode.Initialize(InitializationEngine context)
   at EPiServer.Framework.Initialization.InitializationEngine.InitializeModules()
2023-07-25 15:53:22,220 [1] ERROR EPiServer.Framework.Initialization.InitializationEngine: Initialize action failed for 'Initialize on class EPiServer.ContentApi.Search.ContentApiSearchInitialization, EPiServer.ContentApi.Search, Version=2.21.1.0, Culture=neutral, PublicKeyToken=8fe83dea738b45b7'
System.ArgumentException: A route named 'MS_attributerouteWebApi' is already in the route collection. Route names must be unique.
Parameter name: name
   at System.Web.Routing.RouteCollection.Add(String name, RouteBase item)
   at System.Web.Http.Routing.AttributeRoutingMapper.MapAttributeRoutes(HttpConfiguration configuration, IInlineConstraintResolver constraintResolver, IDirectRouteProvider directRouteProvider)
   at EPiServer.ContentApi.Search.ContentApiSearchInitialization.BuildDefaultHttpConfiguration(HttpConfiguration config)
   at System.Web.Http.GlobalConfiguration.Configure(Action`1 configurationCallback)
   at EPiServer.ContentApi.Search.ContentApiSearchInitialization.Initialize(InitializationEngine context)
   at EPiServer.Framework.Initialization.Internal.ModuleNode.Execute(Action a, String key)
   at EPiServer.Framework.Initialization.Internal.ModuleNode.Initialize(InitializationEngine context)
   at EPiServer.Framework.Initialization.InitializationEngine.InitializeModules()
System.ArgumentException: A route named 'MS_attributerouteWebApi' is already in the route collection. Route names must be unique.
Parameter name: name
   at System.Web.Routing.RouteCollection.Add(String name, RouteBase item)
   at System.Web.Http.Routing.AttributeRoutingMapper.MapAttributeRoutes(HttpConfiguration configuration, IInlineConstraintResolver constraintResolver, IDirectRouteProvider directRouteProvider)
   at EPiServer.ContentApi.Search.ContentApiSearchInitialization.BuildDefaultHttpConfiguration(HttpConfiguration config)
   at System.Web.Http.GlobalConfiguration.Configure(Action`1 configurationCallback)
   at EPiServer.ContentApi.Search.ContentApiSearchInitialization.Initialize(InitializationEngine context)
   at EPiServer.Framework.Initialization.Internal.ModuleNode.Execute(Action a, String key)
   at EPiServer.Framework.Initialization.Internal.ModuleNode.Initialize(InitializationEngine context)
   at EPiServer.Framework.Initialization.InitializationEngine.InitializeModules()
2023-07-25 16:04:37,594 [1] ERROR EPiServer.Framework.Initialization.InitializationEngine: Initialize action failed for 'Initialize on class EPiServer.ContentApi.Search.ContentApiSearchInitialization, EPiServer.ContentApi.Search, Version=2.21.1.0, Culture=neutral, PublicKeyToken=8fe83dea738b45b7'
System.ArgumentException: A route named 'MS_attributerouteWebApi' is already in the route collection. Route names must be unique.
Parameter name: name
   at System.Web.Routing.RouteCollection.Add(String name, RouteBase item)
   at System.Web.Http.Routing.AttributeRoutingMapper.MapAttributeRoutes(HttpConfiguration configuration, IInlineConstraintResolver constraintResolver, IDirectRouteProvider directRouteProvider)
   at EPiServer.ContentApi.Search.ContentApiSearchInitialization.BuildDefaultHttpConfiguration(HttpConfiguration config)
   at System.Web.Http.GlobalConfiguration.Configure(Action`1 configurationCallback)
   at EPiServer.ContentApi.Search.ContentApiSearchInitialization.Initialize(InitializationEngine context)
   at EPiServer.Framework.Initialization.Internal.ModuleNode.Execute(Action a, String key)
   at EPiServer.Framework.Initialization.Internal.ModuleNode.Initialize(InitializationEngine context)
   at EPiServer.Framework.Initialization.InitializationEngine.InitializeModules()
System.ArgumentException: A route named 'MS_attributerouteWebApi' is already in the route collection. Route names must be unique.
Parameter name: name
   at System.Web.Routing.RouteCollection.Add(String name, RouteBase item)
   at System.Web.Http.Routing.AttributeRoutingMapper.MapAttributeRoutes(HttpConfiguration configuration, IInlineConstraintResolver constraintResolver, IDirectRouteProvider directRouteProvider)
   at EPiServer.ContentApi.Search.ContentApiSearchInitialization.BuildDefaultHttpConfiguration(HttpConfiguration config)
   at System.Web.Http.GlobalConfiguration.Configure(Action`1 configurationCallback)
   at EPiServer.ContentApi.Search.ContentApiSearchInitialization.Initialize(InitializationEngine context)
   at EPiServer.Framework.Initialization.Internal.ModuleNode.Execute(Action a, String key)
   at EPiServer.Framework.Initialization.Internal.ModuleNode.Initialize(InitializationEngine context)
   at EPiServer.Framework.Initialization.InitializationEngine.InitializeModules()
2023-07-25 16:30:53,409 [1] ERROR EPiServer.Framework.Initialization.InitializationEngine: Initialize action failed for 'Initialize on class EPiServer.ContentApi.Search.ContentApiSearchInitialization, EPiServer.ContentApi.Search, Version=2.21.0.0, Culture=neutral, PublicKeyToken=8fe83dea738b45b7'
System.ArgumentException: A route named 'MS_attributerouteWebApi' is already in the route collection. Route names must be unique.
Parameter name: name
   at System.Web.Routing.RouteCollection.Add(String name, RouteBase item)
   at System.Web.Http.Routing.AttributeRoutingMapper.MapAttributeRoutes(HttpConfiguration configuration, IInlineConstraintResolver constraintResolver, IDirectRouteProvider directRouteProvider)
   at EPiServer.ContentApi.Search.ContentApiSearchInitialization.BuildDefaultHttpConfiguration(HttpConfiguration config)
   at System.Web.Http.GlobalConfiguration.Configure(Action`1 configurationCallback)
   at EPiServer.ContentApi.Search.ContentApiSearchInitialization.Initialize(InitializationEngine context)
   at EPiServer.Framework.Initialization.Internal.ModuleNode.Execute(Action a, String key)
   at EPiServer.Framework.Initialization.Internal.ModuleNode.Initialize(InitializationEngine context)
   at EPiServer.Framework.Initialization.InitializationEngine.InitializeModules()
System.ArgumentException: A route named 'MS_attributerouteWebApi' is already in the route collection. Route names must be unique.
Parameter name: name
   at System.Web.Routing.RouteCollection.Add(String name, RouteBase item)
   at System.Web.Http.Routing.AttributeRoutingMapper.MapAttributeRoutes(HttpConfiguration configuration, IInlineConstraintResolver constraintResolver, IDirectRouteProvider directRouteProvider)
   at EPiServer.ContentApi.Search.ContentApiSearchInitialization.BuildDefaultHttpConfiguration(HttpConfiguration config)
   at System.Web.Http.GlobalConfiguration.Configure(Action`1 configurationCallback)
   at EPiServer.ContentApi.Search.ContentApiSearchInitialization.Initialize(InitializationEngine context)
   at EPiServer.Framework.Initialization.Internal.ModuleNode.Execute(Action a, String key)
   at EPiServer.Framework.Initialization.Internal.ModuleNode.Initialize(InitializationEngine context)
   at EPiServer.Framework.Initialization.InitializationEngine.InitializeModules()
2023-07-25 17:27:42,963 [1] ERROR EPiServer.Framework.Initialization.InitializationEngine: Initialize action failed for 'Initialize on class EPiServer.ContentApi.Search.ContentApiSearchInitialization, EPiServer.ContentApi.Search, Version=2.21.0.0, Culture=neutral, PublicKeyToken=8fe83dea738b45b7'
System.ArgumentException: A route named 'MS_attributerouteWebApi' is already in the route collection. Route names must be unique.
Parameter name: name
   at System.Web.Routing.RouteCollection.Add(String name, RouteBase item)
   at System.Web.Http.WebHost.Routing.HostedHttpRouteCollection.Add(String name, IHttpRoute route)
   at System.Web.Http.Routing.AttributeRoutingMapper.MapAttributeRoutes(HttpConfiguration configuration, IInlineConstraintResolver constraintResolver, IDirectRouteProvider directRouteProvider)
   at System.Web.Http.HttpConfigurationExtensions.MapHttpAttributeRoutes(HttpConfiguration configuration)
   at EPiServer.ContentApi.Search.ContentApiSearchInitialization.BuildDefaultHttpConfiguration(HttpConfiguration config)
   at EPiServer.ContentApi.Search.ContentApiSearchInitialization.<Initialize>b__5_0(HttpConfiguration config)
   at System.Web.Http.GlobalConfiguration.Configure(Action`1 configurationCallback)
   at EPiServer.ContentApi.Search.ContentApiSearchInitialization.Initialize(InitializationEngine context)
   at EPiServer.Framework.Initialization.Internal.ModuleNode.<>c__DisplayClass2_0.<Initialize>b__0()
   at EPiServer.Framework.Initialization.Internal.ModuleNode.Execute(Action a, String key)
   at EPiServer.Framework.Initialization.Internal.ModuleNode.Initialize(InitializationEngine context)
   at EPiServer.Framework.Initialization.InitializationEngine.InitializeModules()
System.ArgumentException: A route named 'MS_attributerouteWebApi' is already in the route collection. Route names must be unique.
Parameter name: name
   at System.Web.Routing.RouteCollection.Add(String name, RouteBase item)
   at System.Web.Http.WebHost.Routing.HostedHttpRouteCollection.Add(String name, IHttpRoute route)
   at System.Web.Http.Routing.AttributeRoutingMapper.MapAttributeRoutes(HttpConfiguration configuration, IInlineConstraintResolver constraintResolver, IDirectRouteProvider directRouteProvider)
   at System.Web.Http.HttpConfigurationExtensions.MapHttpAttributeRoutes(HttpConfiguration configuration)
   at EPiServer.ContentApi.Search.ContentApiSearchInitialization.BuildDefaultHttpConfiguration(HttpConfiguration config)
   at EPiServer.ContentApi.Search.ContentApiSearchInitialization.<Initialize>b__5_0(HttpConfiguration config)
   at System.Web.Http.GlobalConfiguration.Configure(Action`1 configurationCallback)
   at EPiServer.ContentApi.Search.ContentApiSearchInitialization.Initialize(InitializationEngine context)
   at EPiServer.Framework.Initialization.Internal.ModuleNode.<>c__DisplayClass2_0.<Initialize>b__0()
   at EPiServer.Framework.Initialization.Internal.ModuleNode.Execute(Action a, String key)
   at EPiServer.Framework.Initialization.Internal.ModuleNode.Initialize(InitializationEngine context)
   at EPiServer.Framework.Initialization.InitializationEngine.InitializeModules()
2023-07-25 17:51:38,468 [1] ERROR EPiServer.Framework.Initialization.InitializationEngine: Initialize action failed for 'Initialize on class EPiServer.ContentApi.Search.ContentApiSearchInitialization, EPiServer.ContentApi.Search, Version=2.21.0.0, Culture=neutral, PublicKeyToken=8fe83dea738b45b7'
System.ArgumentException: A route named 'MS_attributerouteWebApi' is already in the route collection. Route names must be unique.
Parameter name: name
   at System.Web.Routing.RouteCollection.Add(String name, RouteBase item)
   at System.Web.Http.WebHost.Routing.HostedHttpRouteCollection.Add(String name, IHttpRoute route)
   at System.Web.Http.Routing.AttributeRoutingMapper.MapAttributeRoutes(HttpConfiguration configuration, IInlineConstraintResolver constraintResolver, IDirectRouteProvider directRouteProvider)
   at System.Web.Http.HttpConfigurationExtensions.MapHttpAttributeRoutes(HttpConfiguration configuration)
   at EPiServer.ContentApi.Search.ContentApiSearchInitialization.BuildDefaultHttpConfiguration(HttpConfiguration config)
   at EPiServer.ContentApi.Search.ContentApiSearchInitialization.<Initialize>b__5_0(HttpConfiguration config)
   at System.Web.Http.GlobalConfiguration.Configure(Action`1 configurationCallback)
   at EPiServer.ContentApi.Search.ContentApiSearchInitialization.Initialize(InitializationEngine context)
   at EPiServer.Framework.Initialization.Internal.ModuleNode.<>c__DisplayClass2_0.<Initialize>b__0()
   at EPiServer.Framework.Initialization.Internal.ModuleNode.Execute(Action a, String key)
   at EPiServer.Framework.Initialization.Internal.ModuleNode.Initialize(InitializationEngine context)
   at EPiServer.Framework.Initialization.InitializationEngine.InitializeModules()
System.ArgumentException: A route named 'MS_attributerouteWebApi' is already in the route collection. Route names must be unique.
Parameter name: name
   at System.Web.Routing.RouteCollection.Add(String name, RouteBase item)
   at System.Web.Http.WebHost.Routing.HostedHttpRouteCollection.Add(String name, IHttpRoute route)
   at System.Web.Http.Routing.AttributeRoutingMapper.MapAttributeRoutes(HttpConfiguration configuration, IInlineConstraintResolver constraintResolver, IDirectRouteProvider directRouteProvider)
   at System.Web.Http.HttpConfigurationExtensions.MapHttpAttributeRoutes(HttpConfiguration configuration)
   at EPiServer.ContentApi.Search.ContentApiSearchInitialization.BuildDefaultHttpConfiguration(HttpConfiguration config)
   at EPiServer.ContentApi.Search.ContentApiSearchInitialization.<Initialize>b__5_0(HttpConfiguration config)
   at System.Web.Http.GlobalConfiguration.Configure(Action`1 configurationCallback)
   at EPiServer.ContentApi.Search.ContentApiSearchInitialization.Initialize(InitializationEngine context)
   at EPiServer.Framework.Initialization.Internal.ModuleNode.<>c__DisplayClass2_0.<Initialize>b__0()
   at EPiServer.Framework.Initialization.Internal.ModuleNode.Execute(Action a, String key)
   at EPiServer.Framework.Initialization.Internal.ModuleNode.Initialize(InitializationEngine context)
   at EPiServer.Framework.Initialization.InitializationEngine.InitializeModules()
2023-07-25 17:56:23,523 [1] ERROR EPiServer.Framework.Initialization.InitializationEngine: Initialize action failed for 'Initialize on class EPiServer.ContentApi.Search.ContentApiSearchInitialization, EPiServer.ContentApi.Search, Version=2.21.0.0, Culture=neutral, PublicKeyToken=8fe83dea738b45b7'
System.ArgumentException: A route named 'MS_attributerouteWebApi' is already in the route collection. Route names must be unique.
Parameter name: name
   at System.Web.Routing.RouteCollection.Add(String name, RouteBase item)
   at System.Web.Http.WebHost.Routing.HostedHttpRouteCollection.Add(String name, IHttpRoute route)
   at System.Web.Http.Routing.AttributeRoutingMapper.MapAttributeRoutes(HttpConfiguration configuration, IInlineConstraintResolver constraintResolver, IDirectRouteProvider directRouteProvider)
   at System.Web.Http.HttpConfigurationExtensions.MapHttpAttributeRoutes(HttpConfiguration configuration)
   at EPiServer.ContentApi.Search.ContentApiSearchInitialization.BuildDefaultHttpConfiguration(HttpConfiguration config)
   at EPiServer.ContentApi.Search.ContentApiSearchInitialization.<Initialize>b__5_0(HttpConfiguration config)
   at System.Web.Http.GlobalConfiguration.Configure(Action`1 configurationCallback)
   at EPiServer.ContentApi.Search.ContentApiSearchInitialization.Initialize(InitializationEngine context)
   at EPiServer.Framework.Initialization.Internal.ModuleNode.<>c__DisplayClass2_0.<Initialize>b__0()
   at EPiServer.Framework.Initialization.Internal.ModuleNode.Execute(Action a, String key)
   at EPiServer.Framework.Initialization.Internal.ModuleNode.Initialize(InitializationEngine context)
   at EPiServer.Framework.Initialization.InitializationEngine.InitializeModules()
System.ArgumentException: A route named 'MS_attributerouteWebApi' is already in the route collection. Route names must be unique.
Parameter name: name
   at System.Web.Routing.RouteCollection.Add(String name, RouteBase item)
   at System.Web.Http.WebHost.Routing.HostedHttpRouteCollection.Add(String name, IHttpRoute route)
   at System.Web.Http.Routing.AttributeRoutingMapper.MapAttributeRoutes(HttpConfiguration configuration, IInlineConstraintResolver constraintResolver, IDirectRouteProvider directRouteProvider)
   at System.Web.Http.HttpConfigurationExtensions.MapHttpAttributeRoutes(HttpConfiguration configuration)
   at EPiServer.ContentApi.Search.ContentApiSearchInitialization.BuildDefaultHttpConfiguration(HttpConfiguration config)
   at EPiServer.ContentApi.Search.ContentApiSearchInitialization.<Initialize>b__5_0(HttpConfiguration config)
   at System.Web.Http.GlobalConfiguration.Configure(Action`1 configurationCallback)
   at EPiServer.ContentApi.Search.ContentApiSearchInitialization.Initialize(InitializationEngine context)
   at EPiServer.Framework.Initialization.Internal.ModuleNode.<>c__DisplayClass2_0.<Initialize>b__0()
   at EPiServer.Framework.Initialization.Internal.ModuleNode.Execute(Action a, String key)
   at EPiServer.Framework.Initialization.Internal.ModuleNode.Initialize(InitializationEngine context)
   at EPiServer.Framework.Initialization.InitializationEngine.InitializeModules()
2023-07-25 17:57:28,968 [1] ERROR EPiServer.Framework.Initialization.InitializationEngine: Initialize action failed for 'Initialize on class EPiServer.ContentApi.Search.ContentApiSearchInitialization, EPiServer.ContentApi.Search, Version=2.21.0.0, Culture=neutral, PublicKeyToken=8fe83dea738b45b7'
System.ArgumentException: A route named 'MS_attributerouteWebApi' is already in the route collection. Route names must be unique.
Parameter name: name
   at System.Web.Routing.RouteCollection.Add(String name, RouteBase item)
   at System.Web.Http.WebHost.Routing.HostedHttpRouteCollection.Add(String name, IHttpRoute route)
   at System.Web.Http.Routing.AttributeRoutingMapper.MapAttributeRoutes(HttpConfiguration configuration, IInlineConstraintResolver constraintResolver, IDirectRouteProvider directRouteProvider)
   at System.Web.Http.HttpConfigurationExtensions.MapHttpAttributeRoutes(HttpConfiguration configuration)
   at EPiServer.ContentApi.Search.ContentApiSearchInitialization.BuildDefaultHttpConfiguration(HttpConfiguration config)
   at EPiServer.ContentApi.Search.ContentApiSearchInitialization.<Initialize>b__5_0(HttpConfiguration config)
   at System.Web.Http.GlobalConfiguration.Configure(Action`1 configurationCallback)
   at EPiServer.ContentApi.Search.ContentApiSearchInitialization.Initialize(InitializationEngine context)
   at EPiServer.Framework.Initialization.Internal.ModuleNode.<>c__DisplayClass2_0.<Initialize>b__0()
   at EPiServer.Framework.Initialization.Internal.ModuleNode.Execute(Action a, String key)
   at EPiServer.Framework.Initialization.Internal.ModuleNode.Initialize(InitializationEngine context)
   at EPiServer.Framework.Initialization.InitializationEngine.InitializeModules()
System.ArgumentException: A route named 'MS_attributerouteWebApi' is already in the route collection. Route names must be unique.
Parameter name: name
   at System.Web.Routing.RouteCollection.Add(String name, RouteBase item)
   at System.Web.Http.WebHost.Routing.HostedHttpRouteCollection.Add(String name, IHttpRoute route)
   at System.Web.Http.Routing.AttributeRoutingMapper.MapAttributeRoutes(HttpConfiguration configuration, IInlineConstraintResolver constraintResolver, IDirectRouteProvider directRouteProvider)
   at System.Web.Http.HttpConfigurationExtensions.MapHttpAttributeRoutes(HttpConfiguration configuration)
   at EPiServer.ContentApi.Search.ContentApiSearchInitialization.BuildDefaultHttpConfiguration(HttpConfiguration config)
   at EPiServer.ContentApi.Search.ContentApiSearchInitialization.<Initialize>b__5_0(HttpConfiguration config)
   at System.Web.Http.GlobalConfiguration.Configure(Action`1 configurationCallback)
   at EPiServer.ContentApi.Search.ContentApiSearchInitialization.Initialize(InitializationEngine context)
   at EPiServer.Framework.Initialization.Internal.ModuleNode.<>c__DisplayClass2_0.<Initialize>b__0()
   at EPiServer.Framework.Initialization.Internal.ModuleNode.Execute(Action a, String key)
   at EPiServer.Framework.Initialization.Internal.ModuleNode.Initialize(InitializationEngine context)
   at EPiServer.Framework.Initialization.InitializationEngine.InitializeModules()
2023-07-25 18:02:46,282 [1] ERROR EPiServer.Framework.Initialization.InitializationEngine: Initialize action failed for 'Initialize on class EPiServer.ContentApi.Search.ContentApiSearchInitialization, EPiServer.ContentApi.Search, Version=2.21.0.0, Culture=neutral, PublicKeyToken=8fe83dea738b45b7'
System.ArgumentException: A route named 'MS_attributerouteWebApi' is already in the route collection. Route names must be unique.
Parameter name: name
   at System.Web.Routing.RouteCollection.Add(String name, RouteBase item)
   at System.Web.Http.WebHost.Routing.HostedHttpRouteCollection.Add(String name, IHttpRoute route)
   at System.Web.Http.Routing.AttributeRoutingMapper.MapAttributeRoutes(HttpConfiguration configuration, IInlineConstraintResolver constraintResolver, IDirectRouteProvider directRouteProvider)
   at System.Web.Http.HttpConfigurationExtensions.MapHttpAttributeRoutes(HttpConfiguration configuration)
   at EPiServer.ContentApi.Search.ContentApiSearchInitialization.BuildDefaultHttpConfiguration(HttpConfiguration config)
   at EPiServer.ContentApi.Search.ContentApiSearchInitialization.<Initialize>b__5_0(HttpConfiguration config)
   at System.Web.Http.GlobalConfiguration.Configure(Action`1 configurationCallback)
   at EPiServer.ContentApi.Search.ContentApiSearchInitialization.Initialize(InitializationEngine context)
   at EPiServer.Framework.Initialization.Internal.ModuleNode.<>c__DisplayClass2_0.<Initialize>b__0()
   at EPiServer.Framework.Initialization.Internal.ModuleNode.Execute(Action a, String key)
   at EPiServer.Framework.Initialization.Internal.ModuleNode.Initialize(InitializationEngine context)
   at EPiServer.Framework.Initialization.InitializationEngine.InitializeModules()
System.ArgumentException: A route named 'MS_attributerouteWebApi' is already in the route collection. Route names must be unique.
Parameter name: name
   at System.Web.Routing.RouteCollection.Add(String name, RouteBase item)
   at System.Web.Http.WebHost.Routing.HostedHttpRouteCollection.Add(String name, IHttpRoute route)
   at System.Web.Http.Routing.AttributeRoutingMapper.MapAttributeRoutes(HttpConfiguration configuration, IInlineConstraintResolver constraintResolver, IDirectRouteProvider directRouteProvider)
   at System.Web.Http.HttpConfigurationExtensions.MapHttpAttributeRoutes(HttpConfiguration configuration)
   at EPiServer.ContentApi.Search.ContentApiSearchInitialization.BuildDefaultHttpConfiguration(HttpConfiguration config)
   at EPiServer.ContentApi.Search.ContentApiSearchInitialization.<Initialize>b__5_0(HttpConfiguration config)
   at System.Web.Http.GlobalConfiguration.Configure(Action`1 configurationCallback)
   at EPiServer.ContentApi.Search.ContentApiSearchInitialization.Initialize(InitializationEngine context)
   at EPiServer.Framework.Initialization.Internal.ModuleNode.<>c__DisplayClass2_0.<Initialize>b__0()
   at EPiServer.Framework.Initialization.Internal.ModuleNode.Execute(Action a, String key)
   at EPiServer.Framework.Initialization.Internal.ModuleNode.Initialize(InitializationEngine context)
   at EPiServer.Framework.Initialization.InitializationEngine.InitializeModules()
2023-07-25 18:08:22,960 [1] ERROR EPiServer.Framework.Initialization.InitializationEngine: Initialize action failed for 'Initialize on class EPiServer.ContentApi.Search.ContentApiSearchInitialization, EPiServer.ContentApi.Search, Version=2.21.0.0, Culture=neutral, PublicKeyToken=8fe83dea738b45b7'
System.ArgumentException: A route named 'MS_attributerouteWebApi' is already in the route collection. Route names must be unique.
Parameter name: name
   at System.Web.Routing.RouteCollection.Add(String name, RouteBase item)
   at System.Web.Http.WebHost.Routing.HostedHttpRouteCollection.Add(String name, IHttpRoute route)
   at System.Web.Http.Routing.AttributeRoutingMapper.MapAttributeRoutes(HttpConfiguration configuration, IInlineConstraintResolver constraintResolver, IDirectRouteProvider directRouteProvider)
   at System.Web.Http.HttpConfigurationExtensions.MapHttpAttributeRoutes(HttpConfiguration configuration)
   at EPiServer.ContentApi.Search.ContentApiSearchInitialization.BuildDefaultHttpConfiguration(HttpConfiguration config)
   at EPiServer.ContentApi.Search.ContentApiSearchInitialization.<Initialize>b__5_0(HttpConfiguration config)
   at System.Web.Http.GlobalConfiguration.Configure(Action`1 configurationCallback)
   at EPiServer.ContentApi.Search.ContentApiSearchInitialization.Initialize(InitializationEngine context)
   at EPiServer.Framework.Initialization.Internal.ModuleNode.<>c__DisplayClass2_0.<Initialize>b__0()
   at EPiServer.Framework.Initialization.Internal.ModuleNode.Execute(Action a, String key)
   at EPiServer.Framework.Initialization.Internal.ModuleNode.Initialize(InitializationEngine context)
   at EPiServer.Framework.Initialization.InitializationEngine.InitializeModules()
System.ArgumentException: A route named 'MS_attributerouteWebApi' is already in the route collection. Route names must be unique.
Parameter name: name
   at System.Web.Routing.RouteCollection.Add(String name, RouteBase item)
   at System.Web.Http.WebHost.Routing.HostedHttpRouteCollection.Add(String name, IHttpRoute route)
   at System.Web.Http.Routing.AttributeRoutingMapper.MapAttributeRoutes(HttpConfiguration configuration, IInlineConstraintResolver constraintResolver, IDirectRouteProvider directRouteProvider)
   at System.Web.Http.HttpConfigurationExtensions.MapHttpAttributeRoutes(HttpConfiguration configuration)
   at EPiServer.ContentApi.Search.ContentApiSearchInitialization.BuildDefaultHttpConfiguration(HttpConfiguration config)
   at EPiServer.ContentApi.Search.ContentApiSearchInitialization.<Initialize>b__5_0(HttpConfiguration config)
   at System.Web.Http.GlobalConfiguration.Configure(Action`1 configurationCallback)
   at EPiServer.ContentApi.Search.ContentApiSearchInitialization.Initialize(InitializationEngine context)
   at EPiServer.Framework.Initialization.Internal.ModuleNode.<>c__DisplayClass2_0.<Initialize>b__0()
   at EPiServer.Framework.Initialization.Internal.ModuleNode.Execute(Action a, String key)
   at EPiServer.Framework.Initialization.Internal.ModuleNode.Initialize(InitializationEngine context)
   at EPiServer.Framework.Initialization.InitializationEngine.InitializeModules()
2023-07-25 18:09:03,729 [1] ERROR EPiServer.Framework.Initialization.InitializationEngine: Initialize action failed for 'Initialize on class EPiServer.ContentApi.Search.ContentApiSearchInitialization, EPiServer.ContentApi.Search, Version=2.21.0.0, Culture=neutral, PublicKeyToken=8fe83dea738b45b7'
System.ArgumentException: A route named 'MS_attributerouteWebApi' is already in the route collection. Route names must be unique.
Parameter name: name
   at System.Web.Routing.RouteCollection.Add(String name, RouteBase item)
   at System.Web.Http.WebHost.Routing.HostedHttpRouteCollection.Add(String name, IHttpRoute route)
   at System.Web.Http.Routing.AttributeRoutingMapper.MapAttributeRoutes(HttpConfiguration configuration, IInlineConstraintResolver constraintResolver, IDirectRouteProvider directRouteProvider)
   at System.Web.Http.HttpConfigurationExtensions.MapHttpAttributeRoutes(HttpConfiguration configuration)
   at EPiServer.ContentApi.Search.ContentApiSearchInitialization.BuildDefaultHttpConfiguration(HttpConfiguration config)
   at EPiServer.ContentApi.Search.ContentApiSearchInitialization.<Initialize>b__5_0(HttpConfiguration config)
   at System.Web.Http.GlobalConfiguration.Configure(Action`1 configurationCallback)
   at EPiServer.ContentApi.Search.ContentApiSearchInitialization.Initialize(InitializationEngine context)
   at EPiServer.Framework.Initialization.Internal.ModuleNode.<>c__DisplayClass2_0.<Initialize>b__0()
   at EPiServer.Framework.Initialization.Internal.ModuleNode.Execute(Action a, String key)
   at EPiServer.Framework.Initialization.Internal.ModuleNode.Initialize(InitializationEngine context)
   at EPiServer.Framework.Initialization.InitializationEngine.InitializeModules()
System.ArgumentException: A route named 'MS_attributerouteWebApi' is already in the route collection. Route names must be unique.
Parameter name: name
   at System.Web.Routing.RouteCollection.Add(String name, RouteBase item)
   at System.Web.Http.WebHost.Routing.HostedHttpRouteCollection.Add(String name, IHttpRoute route)
   at System.Web.Http.Routing.AttributeRoutingMapper.MapAttributeRoutes(HttpConfiguration configuration, IInlineConstraintResolver constraintResolver, IDirectRouteProvider directRouteProvider)
   at System.Web.Http.HttpConfigurationExtensions.MapHttpAttributeRoutes(HttpConfiguration configuration)
   at EPiServer.ContentApi.Search.ContentApiSearchInitialization.BuildDefaultHttpConfiguration(HttpConfiguration config)
   at EPiServer.ContentApi.Search.ContentApiSearchInitialization.<Initialize>b__5_0(HttpConfiguration config)
   at System.Web.Http.GlobalConfiguration.Configure(Action`1 configurationCallback)
   at EPiServer.ContentApi.Search.ContentApiSearchInitialization.Initialize(InitializationEngine context)
   at EPiServer.Framework.Initialization.Internal.ModuleNode.<>c__DisplayClass2_0.<Initialize>b__0()
   at EPiServer.Framework.Initialization.Internal.ModuleNode.Execute(Action a, String key)
   at EPiServer.Framework.Initialization.Internal.ModuleNode.Initialize(InitializationEngine context)
   at EPiServer.Framework.Initialization.InitializationEngine.InitializeModules()
2023-07-25 18:10:42,400 [1] ERROR EPiServer.Framework.Initialization.InitializationEngine: Initialize action failed for 'Initialize on class EPiServer.ContentApi.Search.ContentApiSearchInitialization, EPiServer.ContentApi.Search, Version=2.21.0.0, Culture=neutral, PublicKeyToken=8fe83dea738b45b7'
System.ArgumentException: A route named 'MS_attributerouteWebApi' is already in the route collection. Route names must be unique.
Parameter name: name
   at System.Web.Routing.RouteCollection.Add(String name, RouteBase item)
   at System.Web.Http.WebHost.Routing.HostedHttpRouteCollection.Add(String name, IHttpRoute route)
   at System.Web.Http.Routing.AttributeRoutingMapper.MapAttributeRoutes(HttpConfiguration configuration, IInlineConstraintResolver constraintResolver, IDirectRouteProvider directRouteProvider)
   at System.Web.Http.HttpConfigurationExtensions.MapHttpAttributeRoutes(HttpConfiguration configuration)
   at EPiServer.ContentApi.Search.ContentApiSearchInitialization.BuildDefaultHttpConfiguration(HttpConfiguration config)
   at EPiServer.ContentApi.Search.ContentApiSearchInitialization.<Initialize>b__5_0(HttpConfiguration config)
   at System.Web.Http.GlobalConfiguration.Configure(Action`1 configurationCallback)
   at EPiServer.ContentApi.Search.ContentApiSearchInitialization.Initialize(InitializationEngine context)
   at EPiServer.Framework.Initialization.Internal.ModuleNode.<>c__DisplayClass2_0.<Initialize>b__0()
   at EPiServer.Framework.Initialization.Internal.ModuleNode.Execute(Action a, String key)
   at EPiServer.Framework.Initialization.Internal.ModuleNode.Initialize(InitializationEngine context)
   at EPiServer.Framework.Initialization.InitializationEngine.InitializeModules()
System.ArgumentException: A route named 'MS_attributerouteWebApi' is already in the route collection. Route names must be unique.
Parameter name: name
   at System.Web.Routing.RouteCollection.Add(String name, RouteBase item)
   at System.Web.Http.WebHost.Routing.HostedHttpRouteCollection.Add(String name, IHttpRoute route)
   at System.Web.Http.Routing.AttributeRoutingMapper.MapAttributeRoutes(HttpConfiguration configuration, IInlineConstraintResolver constraintResolver, IDirectRouteProvider directRouteProvider)
   at System.Web.Http.HttpConfigurationExtensions.MapHttpAttributeRoutes(HttpConfiguration configuration)
   at EPiServer.ContentApi.Search.ContentApiSearchInitialization.BuildDefaultHttpConfiguration(HttpConfiguration config)
   at EPiServer.ContentApi.Search.ContentApiSearchInitialization.<Initialize>b__5_0(HttpConfiguration config)
   at System.Web.Http.GlobalConfiguration.Configure(Action`1 configurationCallback)
   at EPiServer.ContentApi.Search.ContentApiSearchInitialization.Initialize(InitializationEngine context)
   at EPiServer.Framework.Initialization.Internal.ModuleNode.<>c__DisplayClass2_0.<Initialize>b__0()
   at EPiServer.Framework.Initialization.Internal.ModuleNode.Execute(Action a, String key)
   at EPiServer.Framework.Initialization.Internal.ModuleNode.Initialize(InitializationEngine context)
   at EPiServer.Framework.Initialization.InitializationEngine.InitializeModules()
2023-07-25 18:12:35,641 [1] ERROR EPiServer.Framework.Initialization.InitializationEngine: Initialize action failed for 'Initialize on class EPiServer.ContentApi.Search.ContentApiSearchInitialization, EPiServer.ContentApi.Search, Version=2.21.0.0, Culture=neutral, PublicKeyToken=8fe83dea738b45b7'
System.ArgumentException: A route named 'MS_attributerouteWebApi' is already in the route collection. Route names must be unique.
Parameter name: name
   at System.Web.Routing.RouteCollection.Add(String name, RouteBase item)
   at System.Web.Http.WebHost.Routing.HostedHttpRouteCollection.Add(String name, IHttpRoute route)
   at System.Web.Http.Routing.AttributeRoutingMapper.MapAttributeRoutes(HttpConfiguration configuration, IInlineConstraintResolver constraintResolver, IDirectRouteProvider directRouteProvider)
   at System.Web.Http.HttpConfigurationExtensions.MapHttpAttributeRoutes(HttpConfiguration configuration)
   at EPiServer.ContentApi.Search.ContentApiSearchInitialization.BuildDefaultHttpConfiguration(HttpConfiguration config)
   at EPiServer.ContentApi.Search.ContentApiSearchInitialization.<Initialize>b__5_0(HttpConfiguration config)
   at System.Web.Http.GlobalConfiguration.Configure(Action`1 configurationCallback)
   at EPiServer.ContentApi.Search.ContentApiSearchInitialization.Initialize(InitializationEngine context)
   at EPiServer.Framework.Initialization.Internal.ModuleNode.<>c__DisplayClass2_0.<Initialize>b__0()
   at EPiServer.Framework.Initialization.Internal.ModuleNode.Execute(Action a, String key)
   at EPiServer.Framework.Initialization.Internal.ModuleNode.Initialize(InitializationEngine context)
   at EPiServer.Framework.Initialization.InitializationEngine.InitializeModules()
System.ArgumentException: A route named 'MS_attributerouteWebApi' is already in the route collection. Route names must be unique.
Parameter name: name
   at System.Web.Routing.RouteCollection.Add(String name, RouteBase item)
   at System.Web.Http.WebHost.Routing.HostedHttpRouteCollection.Add(String name, IHttpRoute route)
   at System.Web.Http.Routing.AttributeRoutingMapper.MapAttributeRoutes(HttpConfiguration configuration, IInlineConstraintResolver constraintResolver, IDirectRouteProvider directRouteProvider)
   at System.Web.Http.HttpConfigurationExtensions.MapHttpAttributeRoutes(HttpConfiguration configuration)
   at EPiServer.ContentApi.Search.ContentApiSearchInitialization.BuildDefaultHttpConfiguration(HttpConfiguration config)
   at EPiServer.ContentApi.Search.ContentApiSearchInitialization.<Initialize>b__5_0(HttpConfiguration config)
   at System.Web.Http.GlobalConfiguration.Configure(Action`1 configurationCallback)
   at EPiServer.ContentApi.Search.ContentApiSearchInitialization.Initialize(InitializationEngine context)
   at EPiServer.Framework.Initialization.Internal.ModuleNode.<>c__DisplayClass2_0.<Initialize>b__0()
   at EPiServer.Framework.Initialization.Internal.ModuleNode.Execute(Action a, String key)
   at EPiServer.Framework.Initialization.Internal.ModuleNode.Initialize(InitializationEngine context)
   at EPiServer.Framework.Initialization.InitializationEngine.InitializeModules()
2023-07-25 18:16:49,993 [1] ERROR EPiServer.Framework.Initialization.InitializationEngine: Initialize action failed for 'Initialize on class EPiServer.ContentApi.Search.ContentApiSearchInitialization, EPiServer.ContentApi.Search, Version=2.21.0.0, Culture=neutral, PublicKeyToken=8fe83dea738b45b7'
System.ArgumentException: A route named 'MS_attributerouteWebApi' is already in the route collection. Route names must be unique.
Parameter name: name
   at System.Web.Routing.RouteCollection.Add(String name, RouteBase item)
   at System.Web.Http.WebHost.Routing.HostedHttpRouteCollection.Add(String name, IHttpRoute route)
   at System.Web.Http.Routing.AttributeRoutingMapper.MapAttributeRoutes(HttpConfiguration configuration, IInlineConstraintResolver constraintResolver, IDirectRouteProvider directRouteProvider)
   at System.Web.Http.HttpConfigurationExtensions.MapHttpAttributeRoutes(HttpConfiguration configuration)
   at EPiServer.ContentApi.Search.ContentApiSearchInitialization.BuildDefaultHttpConfiguration(HttpConfiguration config)
   at EPiServer.ContentApi.Search.ContentApiSearchInitialization.<Initialize>b__5_0(HttpConfiguration config)
   at System.Web.Http.GlobalConfiguration.Configure(Action`1 configurationCallback)
   at EPiServer.ContentApi.Search.ContentApiSearchInitialization.Initialize(InitializationEngine context)
   at EPiServer.Framework.Initialization.Internal.ModuleNode.<>c__DisplayClass2_0.<Initialize>b__0()
   at EPiServer.Framework.Initialization.Internal.ModuleNode.Execute(Action a, String key)
   at EPiServer.Framework.Initialization.Internal.ModuleNode.Initialize(InitializationEngine context)
   at EPiServer.Framework.Initialization.InitializationEngine.InitializeModules()
System.ArgumentException: A route named 'MS_attributerouteWebApi' is already in the route collection. Route names must be unique.
Parameter name: name
   at System.Web.Routing.RouteCollection.Add(String name, RouteBase item)
   at System.Web.Http.WebHost.Routing.HostedHttpRouteCollection.Add(String name, IHttpRoute route)
   at System.Web.Http.Routing.AttributeRoutingMapper.MapAttributeRoutes(HttpConfiguration configuration, IInlineConstraintResolver constraintResolver, IDirectRouteProvider directRouteProvider)
   at System.Web.Http.HttpConfigurationExtensions.MapHttpAttributeRoutes(HttpConfiguration configuration)
   at EPiServer.ContentApi.Search.ContentApiSearchInitialization.BuildDefaultHttpConfiguration(HttpConfiguration config)
   at EPiServer.ContentApi.Search.ContentApiSearchInitialization.<Initialize>b__5_0(HttpConfiguration config)
   at System.Web.Http.GlobalConfiguration.Configure(Action`1 configurationCallback)
   at EPiServer.ContentApi.Search.ContentApiSearchInitialization.Initialize(InitializationEngine context)
   at EPiServer.Framework.Initialization.Internal.ModuleNode.<>c__DisplayClass2_0.<Initialize>b__0()
   at EPiServer.Framework.Initialization.Internal.ModuleNode.Execute(Action a, String key)
   at EPiServer.Framework.Initialization.Internal.ModuleNode.Initialize(InitializationEngine context)
   at EPiServer.Framework.Initialization.InitializationEngine.InitializeModules()
2023-07-25 18:33:37,522 [1] ERROR EPiServer.Framework.Initialization.InitializationEngine: Initialize action failed for 'Initialize on class EPiServer.ContentApi.Search.ContentApiSearchInitialization, EPiServer.ContentApi.Search, Version=2.21.1.0, Culture=neutral, PublicKeyToken=8fe83dea738b45b7'
System.ArgumentException: A route named 'MS_attributerouteWebApi' is already in the route collection. Route names must be unique.
Parameter name: name
   at System.Web.Routing.RouteCollection.Add(String name, RouteBase item)
   at System.Web.Http.WebHost.Routing.HostedHttpRouteCollection.Add(String name, IHttpRoute route)
   at System.Web.Http.Routing.AttributeRoutingMapper.MapAttributeRoutes(HttpConfiguration configuration, IInlineConstraintResolver constraintResolver, IDirectRouteProvider directRouteProvider)
   at System.Web.Http.HttpConfigurationExtensions.MapHttpAttributeRoutes(HttpConfiguration configuration)
   at EPiServer.ContentApi.Search.ContentApiSearchInitialization.BuildDefaultHttpConfiguration(HttpConfiguration config)
   at EPiServer.ContentApi.Search.ContentApiSearchInitialization.<Initialize>b__5_0(HttpConfiguration config)
   at System.Web.Http.GlobalConfiguration.Configure(Action`1 configurationCallback)
   at EPiServer.ContentApi.Search.ContentApiSearchInitialization.Initialize(InitializationEngine context)
   at EPiServer.Framework.Initialization.Internal.ModuleNode.<>c__DisplayClass2_0.<Initialize>b__0()
   at EPiServer.Framework.Initialization.Internal.ModuleNode.Execute(Action a, String key)
   at EPiServer.Framework.Initialization.Internal.ModuleNode.Initialize(InitializationEngine context)
   at EPiServer.Framework.Initialization.InitializationEngine.InitializeModules()
System.ArgumentException: A route named 'MS_attributerouteWebApi' is already in the route collection. Route names must be unique.
Parameter name: name
   at System.Web.Routing.RouteCollection.Add(String name, RouteBase item)
   at System.Web.Http.WebHost.Routing.HostedHttpRouteCollection.Add(String name, IHttpRoute route)
   at System.Web.Http.Routing.AttributeRoutingMapper.MapAttributeRoutes(HttpConfiguration configuration, IInlineConstraintResolver constraintResolver, IDirectRouteProvider directRouteProvider)
   at System.Web.Http.HttpConfigurationExtensions.MapHttpAttributeRoutes(HttpConfiguration configuration)
   at EPiServer.ContentApi.Search.ContentApiSearchInitialization.BuildDefaultHttpConfiguration(HttpConfiguration config)
   at EPiServer.ContentApi.Search.ContentApiSearchInitialization.<Initialize>b__5_0(HttpConfiguration config)
   at System.Web.Http.GlobalConfiguration.Configure(Action`1 configurationCallback)
   at EPiServer.ContentApi.Search.ContentApiSearchInitialization.Initialize(InitializationEngine context)
   at EPiServer.Framework.Initialization.Internal.ModuleNode.<>c__DisplayClass2_0.<Initialize>b__0()
   at EPiServer.Framework.Initialization.Internal.ModuleNode.Execute(Action a, String key)
   at EPiServer.Framework.Initialization.Internal.ModuleNode.Initialize(InitializationEngine context)
   at EPiServer.Framework.Initialization.InitializationEngine.InitializeModules()
2023-07-25 18:41:34,206 [1] ERROR EPiServer.Framework.Initialization.InitializationEngine: Initialize action failed for 'Initialize on class EPiServer.ContentApi.Search.ContentApiSearchInitialization, EPiServer.ContentApi.Search, Version=2.21.1.0, Culture=neutral, PublicKeyToken=8fe83dea738b45b7'
System.ArgumentException: A route named 'MS_attributerouteWebApi' is already in the route collection. Route names must be unique.
Parameter name: name
   at System.Web.Routing.RouteCollection.Add(String name, RouteBase item)
   at System.Web.Http.WebHost.Routing.HostedHttpRouteCollection.Add(String name, IHttpRoute route)
   at System.Web.Http.Routing.AttributeRoutingMapper.MapAttributeRoutes(HttpConfiguration configuration, IInlineConstraintResolver constraintResolver, IDirectRouteProvider directRouteProvider)
   at System.Web.Http.HttpConfigurationExtensions.MapHttpAttributeRoutes(HttpConfiguration configuration)
   at EPiServer.ContentApi.Search.ContentApiSearchInitialization.BuildDefaultHttpConfiguration(HttpConfiguration config)
   at EPiServer.ContentApi.Search.ContentApiSearchInitialization.<Initialize>b__5_0(HttpConfiguration config)
   at System.Web.Http.GlobalConfiguration.Configure(Action`1 configurationCallback)
   at EPiServer.ContentApi.Search.ContentApiSearchInitialization.Initialize(InitializationEngine context)
   at EPiServer.Framework.Initialization.Internal.ModuleNode.<>c__DisplayClass2_0.<Initialize>b__0()
   at EPiServer.Framework.Initialization.Internal.ModuleNode.Execute(Action a, String key)
   at EPiServer.Framework.Initialization.Internal.ModuleNode.Initialize(InitializationEngine context)
   at EPiServer.Framework.Initialization.InitializationEngine.InitializeModules()
System.ArgumentException: A route named 'MS_attributerouteWebApi' is already in the route collection. Route names must be unique.
Parameter name: name
   at System.Web.Routing.RouteCollection.Add(String name, RouteBase item)
   at System.Web.Http.WebHost.Routing.HostedHttpRouteCollection.Add(String name, IHttpRoute route)
   at System.Web.Http.Routing.AttributeRoutingMapper.MapAttributeRoutes(HttpConfiguration configuration, IInlineConstraintResolver constraintResolver, IDirectRouteProvider directRouteProvider)
   at System.Web.Http.HttpConfigurationExtensions.MapHttpAttributeRoutes(HttpConfiguration configuration)
   at EPiServer.ContentApi.Search.ContentApiSearchInitialization.BuildDefaultHttpConfiguration(HttpConfiguration config)
   at EPiServer.ContentApi.Search.ContentApiSearchInitialization.<Initialize>b__5_0(HttpConfiguration config)
   at System.Web.Http.GlobalConfiguration.Configure(Action`1 configurationCallback)
   at EPiServer.ContentApi.Search.ContentApiSearchInitialization.Initialize(InitializationEngine context)
   at EPiServer.Framework.Initialization.Internal.ModuleNode.<>c__DisplayClass2_0.<Initialize>b__0()
   at EPiServer.Framework.Initialization.Internal.ModuleNode.Execute(Action a, String key)
   at EPiServer.Framework.Initialization.Internal.ModuleNode.Initialize(InitializationEngine context)
   at EPiServer.Framework.Initialization.InitializationEngine.InitializeModules()
2023-07-25 18:52:20,246 [1] ERROR EPiServer.Framework.Initialization.InitializationEngine: Initialize action failed for 'Initialize on class EPiServer.ContentApi.Search.ContentApiSearchInitialization, EPiServer.ContentApi.Search, Version=2.21.1.0, Culture=neutral, PublicKeyToken=8fe83dea738b45b7'
System.ArgumentException: A route named 'MS_attributerouteWebApi' is already in the route collection. Route names must be unique.
Parameter name: name
   at System.Web.Routing.RouteCollection.Add(String name, RouteBase item)
   at System.Web.Http.WebHost.Routing.HostedHttpRouteCollection.Add(String name, IHttpRoute route)
   at System.Web.Http.Routing.AttributeRoutingMapper.MapAttributeRoutes(HttpConfiguration configuration, IInlineConstraintResolver constraintResolver, IDirectRouteProvider directRouteProvider)
   at System.Web.Http.HttpConfigurationExtensions.MapHttpAttributeRoutes(HttpConfiguration configuration)
   at EPiServer.ContentApi.Search.ContentApiSearchInitialization.BuildDefaultHttpConfiguration(HttpConfiguration config)
   at EPiServer.ContentApi.Search.ContentApiSearchInitialization.<Initialize>b__5_0(HttpConfiguration config)
   at System.Web.Http.GlobalConfiguration.Configure(Action`1 configurationCallback)
   at EPiServer.ContentApi.Search.ContentApiSearchInitialization.Initialize(InitializationEngine context)
   at EPiServer.Framework.Initialization.Internal.ModuleNode.<>c__DisplayClass2_0.<Initialize>b__0()
   at EPiServer.Framework.Initialization.Internal.ModuleNode.Execute(Action a, String key)
   at EPiServer.Framework.Initialization.Internal.ModuleNode.Initialize(InitializationEngine context)
   at EPiServer.Framework.Initialization.InitializationEngine.InitializeModules()
System.ArgumentException: A route named 'MS_attributerouteWebApi' is already in the route collection. Route names must be unique.
Parameter name: name
   at System.Web.Routing.RouteCollection.Add(String name, RouteBase item)
   at System.Web.Http.WebHost.Routing.HostedHttpRouteCollection.Add(String name, IHttpRoute route)
   at System.Web.Http.Routing.AttributeRoutingMapper.MapAttributeRoutes(HttpConfiguration configuration, IInlineConstraintResolver constraintResolver, IDirectRouteProvider directRouteProvider)
   at System.Web.Http.HttpConfigurationExtensions.MapHttpAttributeRoutes(HttpConfiguration configuration)
   at EPiServer.ContentApi.Search.ContentApiSearchInitialization.BuildDefaultHttpConfiguration(HttpConfiguration config)
   at EPiServer.ContentApi.Search.ContentApiSearchInitialization.<Initialize>b__5_0(HttpConfiguration config)
   at System.Web.Http.GlobalConfiguration.Configure(Action`1 configurationCallback)
   at EPiServer.ContentApi.Search.ContentApiSearchInitialization.Initialize(InitializationEngine context)
   at EPiServer.Framework.Initialization.Internal.ModuleNode.<>c__DisplayClass2_0.<Initialize>b__0()
   at EPiServer.Framework.Initialization.Internal.ModuleNode.Execute(Action a, String key)
   at EPiServer.Framework.Initialization.Internal.ModuleNode.Initialize(InitializationEngine context)
   at EPiServer.Framework.Initialization.InitializationEngine.InitializeModules()
2023-07-25 18:55:39,061 [1] ERROR EPiServer.Framework.Initialization.InitializationEngine: Initialize action failed for 'Initialize on class EPiServer.ContentApi.Search.ContentApiSearchInitialization, EPiServer.ContentApi.Search, Version=2.21.1.0, Culture=neutral, PublicKeyToken=8fe83dea738b45b7'
System.ArgumentException: A route named 'MS_attributerouteWebApi' is already in the route collection. Route names must be unique.
Parameter name: name
   at System.Web.Routing.RouteCollection.Add(String name, RouteBase item)
   at System.Web.Http.WebHost.Routing.HostedHttpRouteCollection.Add(String name, IHttpRoute route)
   at System.Web.Http.Routing.AttributeRoutingMapper.MapAttributeRoutes(HttpConfiguration configuration, IInlineConstraintResolver constraintResolver, IDirectRouteProvider directRouteProvider)
   at System.Web.Http.HttpConfigurationExtensions.MapHttpAttributeRoutes(HttpConfiguration configuration)
   at EPiServer.ContentApi.Search.ContentApiSearchInitialization.BuildDefaultHttpConfiguration(HttpConfiguration config)
   at EPiServer.ContentApi.Search.ContentApiSearchInitialization.<Initialize>b__5_0(HttpConfiguration config)
   at System.Web.Http.GlobalConfiguration.Configure(Action`1 configurationCallback)
   at EPiServer.ContentApi.Search.ContentApiSearchInitialization.Initialize(InitializationEngine context)
   at EPiServer.Framework.Initialization.Internal.ModuleNode.<>c__DisplayClass2_0.<Initialize>b__0()
   at EPiServer.Framework.Initialization.Internal.ModuleNode.Execute(Action a, String key)
   at EPiServer.Framework.Initialization.Internal.ModuleNode.Initialize(InitializationEngine context)
   at EPiServer.Framework.Initialization.InitializationEngine.InitializeModules()
System.ArgumentException: A route named 'MS_attributerouteWebApi' is already in the route collection. Route names must be unique.
Parameter name: name
   at System.Web.Routing.RouteCollection.Add(String name, RouteBase item)
   at System.Web.Http.WebHost.Routing.HostedHttpRouteCollection.Add(String name, IHttpRoute route)
   at System.Web.Http.Routing.AttributeRoutingMapper.MapAttributeRoutes(HttpConfiguration configuration, IInlineConstraintResolver constraintResolver, IDirectRouteProvider directRouteProvider)
   at System.Web.Http.HttpConfigurationExtensions.MapHttpAttributeRoutes(HttpConfiguration configuration)
   at EPiServer.ContentApi.Search.ContentApiSearchInitialization.BuildDefaultHttpConfiguration(HttpConfiguration config)
   at EPiServer.ContentApi.Search.ContentApiSearchInitialization.<Initialize>b__5_0(HttpConfiguration config)
   at System.Web.Http.GlobalConfiguration.Configure(Action`1 configurationCallback)
   at EPiServer.ContentApi.Search.ContentApiSearchInitialization.Initialize(InitializationEngine context)
   at EPiServer.Framework.Initialization.Internal.ModuleNode.<>c__DisplayClass2_0.<Initialize>b__0()
   at EPiServer.Framework.Initialization.Internal.ModuleNode.Execute(Action a, String key)
   at EPiServer.Framework.Initialization.Internal.ModuleNode.Initialize(InitializationEngine context)
   at EPiServer.Framework.Initialization.InitializationEngine.InitializeModules()
2023-07-25 22:25:46,942 [1] ERROR EPiServer.Framework.Initialization.InitializationEngine: Initialize action failed for 'Initialize on class EPiServer.ContentApi.Search.ContentApiSearchInitialization, EPiServer.ContentApi.Search, Version=2.21.1.0, Culture=neutral, PublicKeyToken=8fe83dea738b45b7'
System.ArgumentException: A route named 'MS_attributerouteWebApi' is already in the route collection. Route names must be unique.
Parameter name: name
   at System.Web.Routing.RouteCollection.Add(String name, RouteBase item)
   at System.Web.Http.WebHost.Routing.HostedHttpRouteCollection.Add(String name, IHttpRoute route)
   at System.Web.Http.Routing.AttributeRoutingMapper.MapAttributeRoutes(HttpConfiguration configuration, IInlineConstraintResolver constraintResolver, IDirectRouteProvider directRouteProvider)
   at System.Web.Http.HttpConfigurationExtensions.MapHttpAttributeRoutes(HttpConfiguration configuration)
   at EPiServer.ContentApi.Search.ContentApiSearchInitialization.BuildDefaultHttpConfiguration(HttpConfiguration config)
   at EPiServer.ContentApi.Search.ContentApiSearchInitialization.<Initialize>b__5_0(HttpConfiguration config)
   at System.Web.Http.GlobalConfiguration.Configure(Action`1 configurationCallback)
   at EPiServer.ContentApi.Search.ContentApiSearchInitialization.Initialize(InitializationEngine context)
   at EPiServer.Framework.Initialization.Internal.ModuleNode.<>c__DisplayClass2_0.<Initialize>b__0()
   at EPiServer.Framework.Initialization.Internal.ModuleNode.Execute(Action a, String key)
   at EPiServer.Framework.Initialization.Internal.ModuleNode.Initialize(InitializationEngine context)
   at EPiServer.Framework.Initialization.InitializationEngine.InitializeModules()
System.ArgumentException: A route named 'MS_attributerouteWebApi' is already in the route collection. Route names must be unique.
Parameter name: name
   at System.Web.Routing.RouteCollection.Add(String name, RouteBase item)
   at System.Web.Http.WebHost.Routing.HostedHttpRouteCollection.Add(String name, IHttpRoute route)
   at System.Web.Http.Routing.AttributeRoutingMapper.MapAttributeRoutes(HttpConfiguration configuration, IInlineConstraintResolver constraintResolver, IDirectRouteProvider directRouteProvider)
   at System.Web.Http.HttpConfigurationExtensions.MapHttpAttributeRoutes(HttpConfiguration configuration)
   at EPiServer.ContentApi.Search.ContentApiSearchInitialization.BuildDefaultHttpConfiguration(HttpConfiguration config)
   at EPiServer.ContentApi.Search.ContentApiSearchInitialization.<Initialize>b__5_0(HttpConfiguration config)
   at System.Web.Http.GlobalConfiguration.Configure(Action`1 configurationCallback)
   at EPiServer.ContentApi.Search.ContentApiSearchInitialization.Initialize(InitializationEngine context)
   at EPiServer.Framework.Initialization.Internal.ModuleNode.<>c__DisplayClass2_0.<Initialize>b__0()
   at EPiServer.Framework.Initialization.Internal.ModuleNode.Execute(Action a, String key)
   at EPiServer.Framework.Initialization.Internal.ModuleNode.Initialize(InitializationEngine context)
   at EPiServer.Framework.Initialization.InitializationEngine.InitializeModules()
